<?xml version="1.0" encoding="UTF-8"?>
<!-- Generated by org.testng.reporters.JUnitReportReporter -->
<testsuite skipped="0" hostname="DEVMODE-PC" name="com.ty.ChProj.B" tests="1" failures="0" timestamp="27 Oct 2020 07:58:41 GMT" time="0.012" errors="0">
  <testcase name="test" time="0.012" classname="com.ty.ChProj.B"/>
</testsuite> <!-- com.ty.ChProj.B -->
