<?xml version="1.0" encoding="UTF-8"?>
<!-- Generated by org.testng.reporters.JUnitReportReporter -->
<testsuite skipped="0" hostname="DEVMODE-PC" name="com.ty.ChProj.App" tests="1" failures="0" timestamp="27 Oct 2020 05:33:39 GMT" time="0.012" errors="0">
  <testcase name="test" time="0.012" classname="com.ty.ChProj.App"/>
</testsuite> <!-- com.ty.ChProj.App -->
